{

  "init": "3",
  "goal": "0",
  "nodes" : {
    "2": {
      "expected_successor": "1",
      "action": "cop_move1 cop1",
      "state": "0xc6cc40",
      "distance": 2,
      "is_relevant": 0,
      "is_goal": 0,
      "is_sc": 1,
      "successors": [
        {
            "outcome_label": "cop_move1_DETDUP_1 cop1",
            "successor_id": "5"
        },
        {
            "outcome_label": "cop_move1_DETDUP_2 cop1",
            "successor_id": "1"
        }
       ]
    },
    "0": {
      "expected_successor": false,
      "action": "---",
      "state": "0xc63b80",
      "distance": 0,
      "is_relevant": 1,
      "is_goal": 1,
      "is_sc": 1,
      "successors": [

       ]
    },
    "3": {
      "expected_successor": "2",
      "action": "robber_move n3 n4",
      "state": "0xc6cba0",
      "distance": 3,
      "is_relevant": 0,
      "is_goal": 0,
      "is_sc": 1,
      "successors": [
        {
            "outcome_label": "robber_move_DETDUP_1 n3 n4",
            "successor_id": "2"
        },
        {
            "outcome_label": "robber_move_DETDUP_2 n3 n4",
            "successor_id": "8"
        }
       ]
    },
    "1": {
      "expected_successor": "0",
      "action": "game_terminate",
      "state": "0xc6cb80",
      "distance": 1,
      "is_relevant": 0,
      "is_goal": 0,
      "is_sc": 1,
      "successors": [
        {
            "outcome_label": "game_terminate",
            "successor_id": "0"
        }
       ]
    },
    "6": {
      "expected_successor": "2",
      "action": "robber_move n3 n4",
      "state": "0xc70a70",
      "distance": 3,
      "is_relevant": 0,
      "is_goal": 0,
      "is_sc": 1,
      "successors": [
        {
            "outcome_label": "robber_move_DETDUP_1 n3 n4",
            "successor_id": "2"
        },
        {
            "outcome_label": "robber_move_DETDUP_2 n3 n4",
            "successor_id": "8"
        }
       ]
    },
    "4": {
      "expected_successor": "1",
      "action": "cop_move2 cop1",
      "state": "0xc6f740",
      "distance": 2,
      "is_relevant": 0,
      "is_goal": 0,
      "is_sc": 1,
      "successors": [
        {
            "outcome_label": "cop_move2_DETDUP_1 cop1",
            "successor_id": "6"
        },
        {
            "outcome_label": "cop_move2_DETDUP_2 cop1",
            "successor_id": "1"
        }
       ]
    },
    "5": {
      "expected_successor": "4",
      "action": "robber_move n4 n3",
      "state": "0xc6fc90",
      "distance": 3,
      "is_relevant": 0,
      "is_goal": 0,
      "is_sc": 1,
      "successors": [
        {
            "outcome_label": "robber_move_DETDUP_1 n4 n3",
            "successor_id": "4"
        },
        {
            "outcome_label": "robber_move_DETDUP_2 n4 n3",
            "successor_id": "10"
        }
       ]
    },
    "7": {
      "expected_successor": "10",
      "action": "robber_move n4 n3",
      "state": "0xc71470",
      "distance": 3,
      "is_relevant": 0,
      "is_goal": 0,
      "is_sc": 1,
      "successors": [
        {
            "outcome_label": "robber_move_DETDUP_1 n4 n3",
            "successor_id": "10"
        },
        {
            "outcome_label": "robber_move_DETDUP_2 n4 n3",
            "successor_id": "10"
        }
       ]
    },
    "8": {
      "expected_successor": "1",
      "action": "cop_move1 cop1",
      "state": "0xc71900",
      "distance": 2,
      "is_relevant": 0,
      "is_goal": 0,
      "is_sc": 1,
      "successors": [
        {
            "outcome_label": "cop_move1_DETDUP_1 cop1",
            "successor_id": "7"
        },
        {
            "outcome_label": "cop_move1_DETDUP_2 cop1",
            "successor_id": "1"
        }
       ]
    },
    "9": {
      "expected_successor": "8",
      "action": "robber_move n3 n4",
      "state": "0xc70810",
      "distance": 3,
      "is_relevant": 0,
      "is_goal": 0,
      "is_sc": 1,
      "successors": [
        {
            "outcome_label": "robber_move_DETDUP_1 n3 n4",
            "successor_id": "8"
        },
        {
            "outcome_label": "robber_move_DETDUP_2 n3 n4",
            "successor_id": "8"
        }
       ]
    },
    "10": {
      "expected_successor": "1",
      "action": "cop_move2 cop1",
      "state": "0xc72330",
      "distance": 2,
      "is_relevant": 0,
      "is_goal": 0,
      "is_sc": 1,
      "successors": [
        {
            "outcome_label": "cop_move2_DETDUP_1 cop1",
            "successor_id": "9"
        },
        {
            "outcome_label": "cop_move2_DETDUP_2 cop1",
            "successor_id": "1"
        }
       ]
    }
  },
  "edges" : [
      ["2", ">", "5"],
      ["2", ">", "1"],
      ["3", ">", "2"],
      ["3", ">", "8"],
      ["1", ">", "0"],
      ["6", ">", "2"],
      ["6", ">", "8"],
      ["4", ">", "6"],
      ["4", ">", "1"],
      ["5", ">", "4"],
      ["5", ">", "10"],
      ["7", ">", "10"],
      ["7", ">", "10"],
      ["8", ">", "7"],
      ["8", ">", "1"],
      ["9", ">", "8"],
      ["9", ">", "8"],
      ["10", ">", "9"],
      ["10", ">", "1"]
  ],
  "states" : {
    "0xc6cc40": [
      "Atom at(cop1, n1)",
      "Atom at(rob1, n4)",
      "Atom turn(cop1)"
    ],
    "0xc63b80": [
      "Atom done()"
    ],
    "0xc6cba0": [
      "Atom at(cop1, n1)",
      "Atom at(rob1, n3)",
      "NegatedAtom turn(cop1)"
    ],
    "0xc6cb80": [
      "Atom caught()"
    ],
    "0xc70a70": [
      "Atom at(cop1, n1)",
      "Atom at(rob1, n3)",
      "NegatedAtom turn(cop1)"
    ],
    "0xc6f740": [
      "Atom at(cop1, n2)",
      "Atom at(rob1, n3)",
      "Atom turn(cop1)"
    ],
    "0xc6fc90": [
      "Atom at(cop1, n2)",
      "Atom at(rob1, n4)",
      "NegatedAtom turn(cop1)"
    ],
    "0xc71470": [
      "Atom at(cop1, n2)",
      "Atom at(rob1, n4)",
      "NegatedAtom turn(cop1)"
    ],
    "0xc71900": [
      "Atom at(cop1, n1)",
      "Atom at(rob1, n4)",
      "Atom turn(cop1)"
    ],
    "0xc70810": [
      "Atom at(cop1, n1)",
      "Atom at(rob1, n3)",
      "NegatedAtom turn(cop1)"
    ],
    "0xc72330": [
      "Atom at(cop1, n2)",
      "Atom at(rob1, n3)",
      "Atom turn(cop1)"
    ]
   }
}